C:\MastersWeb\Git_Projects\DamienAndAidan\MyProject\MyProject\MyProject\scripts\app\pageOne\pageOne.js
C:\MastersWeb\Git_Projects\DamienAndAidan\MyProject\MyProject\MyProject\scripts\app\pageOne\pageOne.js.map
C:\MastersWeb\Git_Projects\DamienAndAidan\MyProject\MyProject\MyProject\scripts\app\pageTwo\pageTwo.js
C:\MastersWeb\Git_Projects\DamienAndAidan\MyProject\MyProject\MyProject\scripts\app\pageTwo\pageTwo.js.map
C:\MastersWeb\DamienAndAidan\DamienAndAidan\MyProject\MyProject\MyProject\scripts\app\pageOne\pageOne.js
C:\MastersWeb\DamienAndAidan\DamienAndAidan\MyProject\MyProject\MyProject\scripts\app\pageOne\pageOne.js.map
C:\MastersWeb\DamienAndAidan\DamienAndAidan\MyProject\MyProject\MyProject\scripts\app\pageTwo\pageTwo.js
C:\MastersWeb\DamienAndAidan\DamienAndAidan\MyProject\MyProject\MyProject\scripts\app\pageTwo\pageTwo.js.map
C:\MastersWeb\DamienAndAidan\DamienAndAidan\MyProject\MyProject\MyProject\scripts\app\pageOne\pageOne.js
C:\MastersWeb\DamienAndAidan\DamienAndAidan\MyProject\MyProject\MyProject\scripts\app\pageOne\pageOne.js.map
C:\MastersWeb\DamienAndAidan\DamienAndAidan\MyProject\MyProject\MyProject\scripts\app\pageTwo\pageTwo.js
C:\MastersWeb\DamienAndAidan\DamienAndAidan\MyProject\MyProject\MyProject\scripts\app\pageTwo\pageTwo.js.map
C:\MastersWeb\DamienAndAidan\DamienAndAidan\MyProject\MyProject\MyProject\scripts\app\pageOne\pageOne.js
C:\MastersWeb\DamienAndAidan\DamienAndAidan\MyProject\MyProject\MyProject\scripts\app\pageOne\pageOne.js.map
C:\MastersWeb\DamienAndAidan\DamienAndAidan\MyProject\MyProject\MyProject\scripts\app\pageTwo\pageTwo.js
C:\MastersWeb\DamienAndAidan\DamienAndAidan\MyProject\MyProject\MyProject\scripts\app\pageTwo\pageTwo.js.map
C:\MastersWeb\DamienAndAidan\DamienAndAidan\MyProject\MyProject\MyProject\scripts\app\pageOne\pageOne.js
C:\MastersWeb\DamienAndAidan\DamienAndAidan\MyProject\MyProject\MyProject\scripts\app\pageOne\pageOne.js.map
C:\MastersWeb\DamienAndAidan\DamienAndAidan\MyProject\MyProject\MyProject\scripts\app\pageTwo\pageTwo.js
C:\MastersWeb\DamienAndAidan\DamienAndAidan\MyProject\MyProject\MyProject\scripts\app\pageTwo\pageTwo.js.map
C:\MastersWeb\DamienAndAidan\DamienAndAidan\MyProject\MyProject\MyProject\scripts\app\pageOne\pageOne.js
C:\MastersWeb\DamienAndAidan\DamienAndAidan\MyProject\MyProject\MyProject\scripts\app\pageOne\pageOne.js.map
C:\MastersWeb\DamienAndAidan\DamienAndAidan\MyProject\MyProject\MyProject\scripts\app\pageTwo\pageTwo.js
C:\MastersWeb\DamienAndAidan\DamienAndAidan\MyProject\MyProject\MyProject\scripts\app\pageTwo\pageTwo.js.map
C:\MastersWeb\DamienAndAidan\DamienAndAidan\MyProject\MyProject\MyProject\scripts\app\pageOne\pageOne.js
C:\MastersWeb\DamienAndAidan\DamienAndAidan\MyProject\MyProject\MyProject\scripts\app\pageOne\pageOne.js.map
C:\MastersWeb\DamienAndAidan\DamienAndAidan\MyProject\MyProject\MyProject\scripts\app\pageTwo\pageTwo.js
C:\MastersWeb\DamienAndAidan\DamienAndAidan\MyProject\MyProject\MyProject\scripts\app\pageTwo\pageTwo.js.map
C:\MastersWeb\DamienAndAidan\DamienAndAidan\MyProject\MyProject\MyProject\scripts\app\pageOne\pageOne.js
C:\MastersWeb\DamienAndAidan\DamienAndAidan\MyProject\MyProject\MyProject\scripts\app\pageOne\pageOne.js.map
C:\MastersWeb\DamienAndAidan\DamienAndAidan\MyProject\MyProject\MyProject\scripts\app\pageTwo\pageTwo.js
C:\MastersWeb\DamienAndAidan\DamienAndAidan\MyProject\MyProject\MyProject\scripts\app\pageTwo\pageTwo.js.map
C:\MastersWeb\DamienAndAidan\DamienAndAidan\MyProject\MyProject\MyProject\scripts\app\pageOne\pageOne.js
C:\MastersWeb\DamienAndAidan\DamienAndAidan\MyProject\MyProject\MyProject\scripts\app\pageOne\pageOne.js.map
C:\MastersWeb\DamienAndAidan\DamienAndAidan\MyProject\MyProject\MyProject\scripts\app\pageTwo\pageTwo.js
C:\MastersWeb\DamienAndAidan\DamienAndAidan\MyProject\MyProject\MyProject\scripts\app\pageTwo\pageTwo.js.map
